Build started 29/09/2025 14:02:56.
     1>Project "C:\Users\I230122\Desktop\Filtro\Filtro_De_Cor\Filtro_proj\Filtro_proj\Filtro_proj.vcxproj" on node 2 (build target(s)).
     1>InitializeBuildStatus:
         Creating "Debug\Filtro_proj.unsuccessfulbuild" because "AlwaysCreate" was specified.
       ClCompile:
         All outputs are up-to-date.
       ManifestResourceCompile:
         All outputs are up-to-date.
       Link:
         c:\Program Files (x86)\Microsoft Visual Studio 10.0\VC\bin\link.exe /ERRORREPORT:PROMPT /OUT:"C:\Users\I230122\Desktop\Filtro\Filtro_De_Cor\Filtro_proj\Debug\Filtro_proj.exe" /INCREMENTAL /NOLOGO kernel32.lib user32.lib gdi32.lib winspool.lib comdlg32.lib advapi32.lib shell32.lib ole32.lib oleaut32.lib uuid.lib odbc32.lib odbccp32.lib /MANIFEST /ManifestFile:"Debug\Filtro_proj.exe.intermediate.manifest" /MANIFESTUAC:"level='asInvoker' uiAccess='false'" /DEBUG /PDB:"C:\Users\I230122\Desktop\Filtro\Filtro_De_Cor\Filtro_proj\Debug\Filtro_proj.pdb" /SUBSYSTEM:CONSOLE /TLBID:1 /DYNAMICBASE /NXCOMPAT /IMPLIB:"C:\Users\I230122\Desktop\Filtro\Filtro_De_Cor\Filtro_proj\Debug\Filtro_proj.lib" /MACHINE:X86 Debug\Filtro_proj.exe.embed.manifest.res
         Debug\script.obj
       Manifest:
         C:\Program Files (x86)\Microsoft SDKs\Windows\v7.0A\bin\mt.exe /nologo /verbose /out:"Debug\Filtro_proj.exe.embed.manifest" /manifest Debug\Filtro_proj.exe.intermediate.manifest
         All outputs are up-to-date.
       LinkEmbedManifest:
         All outputs are up-to-date.
         Filtro_proj.vcxproj -> C:\Users\I230122\Desktop\Filtro\Filtro_De_Cor\Filtro_proj\Debug\Filtro_proj.exe
       FinalizeBuildStatus:
         Deleting file "Debug\Filtro_proj.unsuccessfulbuild".
         Touching "Debug\Filtro_proj.lastbuildstate".
     1>Done Building Project "C:\Users\I230122\Desktop\Filtro\Filtro_De_Cor\Filtro_proj\Filtro_proj\Filtro_proj.vcxproj" (build target(s)).

Build succeeded.

Time Elapsed 00:00:05.64
